::1 - - [19/Nov/2025:07:52:21 +0000] "POST /api/v1/user/freeze-account HTTP/1.1" 404 31 "-" "PostmanRuntime/7.49.1"
::1 - - [19/Nov/2025:07:53:24 +0000] "POST /api/v1/user/freeze-account HTTP/1.1" 404 31 "-" "PostmanRuntime/7.49.1"
::1 - - [19/Nov/2025:07:53:27 +0000] "POST /api/v1/user/freeze-account HTTP/1.1" 404 31 "-" "PostmanRuntime/7.49.1"
::1 - - [19/Nov/2025:07:53:38 +0000] "PATCH /api/v1/user/freeze-account HTTP/1.1" 200 1086 "-" "PostmanRuntime/7.49.1"
::1 - - [19/Nov/2025:08:06:37 +0000] "PATCH /api/v1/user/69163b7270ab1097eaf2f3f2/restore-account HTTP/1.1" 200 1089 "-" "PostmanRuntime/7.49.1"
::1 - - [22/Nov/2025:14:01:48 +0000] "PATCH /api/v1/user/69163b7270ab1097eaf2f3f2/restore-account HTTP/1.1" 200 2147 "-" "PostmanRuntime/7.49.1"
::1 - - [22/Nov/2025:14:03:46 +0000] "PATCH /api/v1/user/freeze-account HTTP/1.1" 200 1166 "-" "PostmanRuntime/7.49.1"
::1 - - [22/Nov/2025:14:05:18 +0000] "PATCH /api/v1/user/69163b7270ab1097eaf2f3f2/restore-account HTTP/1.1" 200 2143 "-" "PostmanRuntime/7.49.1"
::1 - - [22/Nov/2025:14:12:06 +0000] "PATCH /api/v1/user/69163b7270ab1097eaf2f3f2/freeze-account HTTP/1.1" 200 1086 "-" "PostmanRuntime/7.49.1"
::1 - - [22/Nov/2025:14:12:32 +0000] "PATCH /api/v1/user/69163b7270ab1097eaf2f3f2/restore-account HTTP/1.1" 200 2143 "-" "PostmanRuntime/7.49.1"
::1 - - [22/Nov/2025:14:13:54 +0000] "PATCH /api/v1/user/69163b7270ab1097eaf2f3f2/restore-account HTTP/1.1" 200 2070 "-" "PostmanRuntime/7.49.1"
::1 - - [22/Nov/2025:14:19:27 +0000] "PATCH /api/v1/user/69163b7270ab1097eaf2f3f2/restore-account HTTP/1.1" 200 53 "-" "PostmanRuntime/7.49.1"
::1 - - [22/Nov/2025:14:28:46 +0000] "PATCH /api/v1/user/69163b7270ab1097eaf2f3f2/restore-account HTTP/1.1" 200 53 "-" "PostmanRuntime/7.49.1"
::1 - - [22/Nov/2025:14:36:02 +0000] "PATCH /api/v1/user/69163b7270ab1097eaf2f3f2/restore-account HTTP/1.1" - - "-" "PostmanRuntime/7.49.1"
::1 - - [22/Nov/2025:14:37:18 +0000] "PATCH /api/v1/user/69163b7270ab1097eaf2f3f2/restore-account HTTP/1.1" - - "-" "PostmanRuntime/7.49.1"
::1 - - [22/Nov/2025:14:40:00 +0000] "PATCH /api/v1/user/69163b7270ab1097eaf2f3f2/restore-account HTTP/1.1" 500 339 "-" "PostmanRuntime/7.49.1"
::1 - - [22/Nov/2025:14:50:21 +0000] "PATCH /api/v1/user/69163b7270ab1097eaf2f3f2/restore-account HTTP/1.1" 500 341 "-" "PostmanRuntime/7.49.1"
::1 - - [22/Nov/2025:14:51:34 +0000] "PATCH /api/v1/user/69163b7270ab1097eaf2f3f2/restore-account HTTP/1.1" 200 1089 "-" "PostmanRuntime/7.49.1"
::1 - - [22/Nov/2025:14:53:12 +0000] "PATCH /api/v1/user/freeze-account HTTP/1.1" 500 1260 "-" "PostmanRuntime/7.49.1"
::1 - - [22/Nov/2025:14:53:31 +0000] "PATCH /api/v1/user/freeze-account HTTP/1.1" 500 1260 "-" "PostmanRuntime/7.49.1"
::1 - - [22/Nov/2025:15:02:19 +0000] "PATCH /api/v1/user/freeze-account HTTP/1.1" 500 581 "-" "PostmanRuntime/7.49.1"
::1 - - [22/Nov/2025:15:02:51 +0000] "PATCH /api/v1/user/freeze-account HTTP/1.1" 200 1086 "-" "PostmanRuntime/7.49.1"
::1 - - [22/Nov/2025:15:03:37 +0000] "PATCH /api/v1/user/69163b7270ab1097eaf2f3f2/restore-account HTTP/1.1" 500 341 "-" "PostmanRuntime/7.49.1"
::1 - - [22/Nov/2025:15:05:21 +0000] "PATCH /api/v1/user/69163b7270ab1097eaf2f3f2/restore-account HTTP/1.1" 200 1089 "-" "PostmanRuntime/7.49.1"
::1 - - [23/Nov/2025:05:10:58 +0000] "PATCH /api/v1/user/freeze-account HTTP/1.1" 500 581 "-" "PostmanRuntime/7.49.1"
::1 - - [23/Nov/2025:05:11:13 +0000] "PATCH /api/v1/user/freeze-account HTTP/1.1" 200 1104 "-" "PostmanRuntime/7.49.1"
::1 - - [23/Nov/2025:05:11:34 +0000] "PATCH /api/v1/user/69163b7270ab1097eaf2f3f2/restore-account HTTP/1.1" 200 1129 "-" "PostmanRuntime/7.49.1"
::1 - - [23/Nov/2025:05:12:02 +0000] "PATCH /api/v1/user/freeze-account HTTP/1.1" 200 1104 "-" "PostmanRuntime/7.49.1"
::1 - - [23/Nov/2025:05:18:51 +0000] "PATCH /api/v1/user/delete-account HTTP/1.1" 200 1193 "-" "PostmanRuntime/7.49.1"
::1 - - [23/Nov/2025:05:27:30 +0000] "PATCH /api/v1/user/69163b7270ab1097eaf2f3f2/restore-freeze-account HTTP/1.1" 404 31 "-" "PostmanRuntime/7.49.1"
::1 - - [23/Nov/2025:05:27:47 +0000] "PATCH /api/v1/user/69163b7270ab1097eaf2f3f2/restore-delete-account HTTP/1.1" 404 31 "-" "PostmanRuntime/7.49.1"
::1 - - [23/Nov/2025:05:28:04 +0000] "PATCH /api/v1/user/69163b7270ab1097eaf2f3f2/restore-deleted-account HTTP/1.1" 200 1207 "-" "PostmanRuntime/7.49.1"
::1 - - [23/Nov/2025:05:29:54 +0000] "PATCH /api/v1/user/delete-account HTTP/1.1" 200 1295 "-" "PostmanRuntime/7.49.1"
::1 - - [23/Nov/2025:05:31:40 +0000] "PATCH /api/v1/user/69163b7270ab1097eaf2f3f2/restore-deleted-account HTTP/1.1" 500 368 "-" "PostmanRuntime/7.49.1"
::1 - - [23/Nov/2025:05:33:25 +0000] "PATCH /api/v1/user/69163b7270ab1097eaf2f3f2/restore-deleted-account HTTP/1.1" 500 368 "-" "PostmanRuntime/7.49.1"
::1 - - [23/Nov/2025:05:37:33 +0000] "PATCH /api/v1/user/69163b7270ab1097eaf2f3f2/restore-deleted-account HTTP/1.1" 500 368 "-" "PostmanRuntime/7.49.1"
::1 - - [23/Nov/2025:05:39:16 +0000] "PATCH /api/v1/user/69163b7270ab1097eaf2f3f2/restore-deleted-account HTTP/1.1" 500 348 "-" "PostmanRuntime/7.49.1"
::1 - - [23/Nov/2025:05:46:19 +0000] "PATCH /api/v1/user/69163b7270ab1097eaf2f3f2/restore-deleted-account HTTP/1.1" 200 1129 "-" "PostmanRuntime/7.49.1"
::1 - - [23/Nov/2025:09:09:58 +0000] "PATCH /api/v1/user/delete-account HTTP/1.1" 200 1115 "-" "PostmanRuntime/7.49.1"
::1 - - [23/Nov/2025:09:30:03 +0000] "PATCH /api/v1/user/delete-account HTTP/1.1" 200 1115 "-" "PostmanRuntime/7.49.1"
